<?xml version="1.0" encoding="UTF-8"?>
<!-- Generated by org.testng.reporters.JUnitReportReporter -->
<testsuite hostname="desktop-0001" name="com.excilys.db.AppTest" tests="1" failures="0" timestamp="28 Mar 2018 12:47:02 GMT" time="0.001" errors="0">
  <testcase name="testApp" time="0.001" classname="com.excilys.db.AppTest"/>
</testsuite> <!-- com.excilys.db.AppTest -->
