<?xml version="1.0" encoding="UTF-8"?>
<!-- Generated by org.testng.reporters.JUnitReportReporter -->
<testsuite hostname="desktop-0001" name="com.excilys.db.test.ComputerDAOTest" tests="15" failures="0" timestamp="28 Mar 2018 12:47:02 GMT" time="0.319" errors="0">
  <testcase name="testUpdateAComputerDateIntroNull" time="0.033" classname="com.excilys.db.test.ComputerDAOTest"/>
  <testcase name="testUpdateAComputerDatesNullCompanieNull" time="0.028" classname="com.excilys.db.test.ComputerDAOTest"/>
  <testcase name="testCreateAComputerDatesNullCompanieNull" time="0.017" classname="com.excilys.db.test.ComputerDAOTest"/>
  <testcase name="testCreateAComputerDateNotNull" time="0.018" classname="com.excilys.db.test.ComputerDAOTest"/>
  <testcase name="testGetIdFromName" time="0.005" classname="com.excilys.db.test.ComputerDAOTest"/>
  <testcase name="testListComputer" time="0.050" classname="com.excilys.db.test.ComputerDAOTest"/>
  <testcase name="testCreateAComputerDatesNull" time="0.017" classname="com.excilys.db.test.ComputerDAOTest"/>
  <testcase name="testDelete" time="0.018" classname="com.excilys.db.test.ComputerDAOTest"/>
  <testcase name="testUpdateAComputerDateDiscNull" time="0.027" classname="com.excilys.db.test.ComputerDAOTest"/>
  <testcase name="testUpdateAComputerDatesNull" time="0.029" classname="com.excilys.db.test.ComputerDAOTest"/>
  <testcase name="testGetIdComputer" time="0.005" classname="com.excilys.db.test.ComputerDAOTest"/>
  <testcase name="testShowDetails" time="0.006" classname="com.excilys.db.test.ComputerDAOTest"/>
  <testcase name="testUpdateAComputerDateNotNull" time="0.031" classname="com.excilys.db.test.ComputerDAOTest"/>
  <testcase name="testCreateAComputerDateIntroNull" time="0.017" classname="com.excilys.db.test.ComputerDAOTest"/>
  <testcase name="testCreateAComputerDateDiscNull" time="0.018" classname="com.excilys.db.test.ComputerDAOTest"/>
</testsuite> <!-- com.excilys.db.test.ComputerDAOTest -->
