<?xml version="1.0" encoding="UTF-8"?>
<!-- Generated by org.testng.reporters.JUnitReportReporter -->
<testsuite hostname="desktop-0001" name="com.excilys.db.test.ComputerDAOTest" tests="14" failures="0" timestamp="9 Apr 2018 15:25:24 GMT" time="0.111" errors="0">
  <testcase name="testUpdateAComputerDatesNullCompanieNull" time="0.007" classname="com.excilys.db.test.ComputerDAOTest"/>
  <testcase name="testShowDetails" time="0.003" classname="com.excilys.db.test.ComputerDAOTest"/>
  <testcase name="testGetIdFromName" time="0.002" classname="com.excilys.db.test.ComputerDAOTest"/>
  <testcase name="testUpdateAComputerDatesNull" time="0.008" classname="com.excilys.db.test.ComputerDAOTest"/>
  <testcase name="testUpdateAComputerDateNotNull" time="0.008" classname="com.excilys.db.test.ComputerDAOTest"/>
  <testcase name="testListComputer" time="0.045" classname="com.excilys.db.test.ComputerDAOTest"/>
  <testcase name="testCreateAComputerDateDiscNull" time="0.005" classname="com.excilys.db.test.ComputerDAOTest"/>
  <testcase name="testCreateAComputerDatesNullCompanieNull" time="0.004" classname="com.excilys.db.test.ComputerDAOTest"/>
  <testcase name="testUpdateAComputerDateDiscNull" time="0.006" classname="com.excilys.db.test.ComputerDAOTest"/>
  <testcase name="testGetIdComputer" time="0.002" classname="com.excilys.db.test.ComputerDAOTest"/>
  <testcase name="testCreateAComputerDateNotNull" time="0.006" classname="com.excilys.db.test.ComputerDAOTest"/>
  <testcase name="testCreateAComputerDateIntroNull" time="0.006" classname="com.excilys.db.test.ComputerDAOTest"/>
  <testcase name="testDelete" time="0.004" classname="com.excilys.db.test.ComputerDAOTest"/>
  <testcase name="testCreateAComputerDatesNull" time="0.005" classname="com.excilys.db.test.ComputerDAOTest"/>
</testsuite> <!-- com.excilys.db.test.ComputerDAOTest -->
