<?xml version="1.0" encoding="UTF-8"?>
<!-- Generated by org.testng.reporters.JUnitReportReporter -->
<testsuite hostname="desktop-0001" name="com.excilys.db.test.ComputerMapperTest" tests="1" failures="0" timestamp="28 Mar 2018 12:47:02 GMT" time="0.000" errors="0">
  <testcase name="testMapper" time="0.000" classname="com.excilys.db.test.ComputerMapperTest"/>
</testsuite> <!-- com.excilys.db.test.ComputerMapperTest -->
