<?xml version="1.0" encoding="UTF-8"?>
<!-- Generated by org.testng.reporters.JUnitReportReporter -->
<testsuite hostname="desktop-0001" name="com.excilys.db.AppTest" tests="1" failures="0" timestamp="9 Apr 2018 15:25:24 GMT" time="0.000" errors="0">
  <testcase name="testApp" time="0.000" classname="com.excilys.db.AppTest"/>
</testsuite> <!-- com.excilys.db.AppTest -->
