<?xml version="1.0" encoding="UTF-8"?>
<!-- Generated by org.testng.reporters.JUnitReportReporter -->
<testsuite hostname="desktop-0001" name="com.excilys.db.test.ConnectionTest" tests="1" failures="0" timestamp="28 Mar 2018 12:47:02 GMT" time="0.090" errors="0">
  <testcase name="testMockDBConnection" time="0.090" classname="com.excilys.db.test.ConnectionTest"/>
</testsuite> <!-- com.excilys.db.test.ConnectionTest -->
