<?xml version="1.0" encoding="UTF-8"?>
<!-- Generated by org.testng.reporters.JUnitReportReporter -->
<testsuite hostname="desktop-0001" name="com.excilys.db.test.CompaniesTest" tests="5" failures="0" timestamp="9 Apr 2018 15:25:24 GMT" time="0.002" errors="0">
  <testcase name="testEqualsFalseName" time="0.000" classname="com.excilys.db.test.CompaniesTest"/>
  <testcase name="testEqualsSame" time="0.000" classname="com.excilys.db.test.CompaniesTest"/>
  <testcase name="testEqualsFalseClass" time="0.000" classname="com.excilys.db.test.CompaniesTest"/>
  <testcase name="testToString" time="0.001" classname="com.excilys.db.test.CompaniesTest"/>
  <testcase name="testEqualsTrue" time="0.001" classname="com.excilys.db.test.CompaniesTest"/>
</testsuite> <!-- com.excilys.db.test.CompaniesTest -->
