<?xml version="1.0" encoding="UTF-8"?>
<!-- Generated by org.testng.reporters.JUnitReportReporter -->
<testsuite hostname="desktop-0001" name="com.excilys.db.test.ComputerValidatorTest" tests="1" failures="0" timestamp="9 Apr 2018 15:25:24 GMT" time="0.304" errors="0">
  <testcase name="testExist" time="0.304" classname="com.excilys.db.test.ComputerValidatorTest"/>
</testsuite> <!-- com.excilys.db.test.ComputerValidatorTest -->
