<?xml version="1.0" encoding="UTF-8" ?>
<testsuite tests="35" failures="0" name="TestSuite" time="0.69" errors="0" skipped="0">
  <properties>
    <property name="java.runtime.name" value="Java(TM) SE Runtime Environment"/>
    <property name="sun.boot.library.path" value="/usr/lib/jvm/java-8-oracle/jre/lib/amd64"/>
    <property name="java.vm.version" value="25.161-b12"/>
    <property name="java.vm.vendor" value="Oracle Corporation"/>
    <property name="maven.multiModuleProjectDirectory" value="/home/excilys/Projects/project/excilys_db/db"/>
    <property name="java.vendor.url" value="http://java.oracle.com/"/>
    <property name="path.separator" value=":"/>
    <property name="guice.disable.misplaced.annotation.check" value="true"/>
    <property name="java.vm.name" value="Java HotSpot(TM) 64-Bit Server VM"/>
    <property name="file.encoding.pkg" value="sun.io"/>
    <property name="user.country" value="FR"/>
    <property name="sun.java.launcher" value="SUN_STANDARD"/>
    <property name="sun.os.patch.level" value="unknown"/>
    <property name="java.vm.specification.name" value="Java Virtual Machine Specification"/>
    <property name="user.dir" value="/home/excilys/Projects/project/excilys_db/db"/>
    <property name="java.runtime.version" value="1.8.0_161-b12"/>
    <property name="java.awt.graphicsenv" value="sun.awt.X11GraphicsEnvironment"/>
    <property name="java.endorsed.dirs" value="/usr/lib/jvm/java-8-oracle/jre/lib/endorsed"/>
    <property name="os.arch" value="amd64"/>
    <property name="java.io.tmpdir" value="/tmp"/>
    <property name="line.separator" value="
"/>
    <property name="java.vm.specification.vendor" value="Oracle Corporation"/>
    <property name="os.name" value="Linux"/>
    <property name="classworlds.conf" value="/opt/maven/bin/m2.conf"/>
    <property name="sun.jnu.encoding" value="UTF-8"/>
    <property name="java.library.path" value="/usr/java/packages/lib/amd64:/usr/lib64:/lib64:/lib:/usr/lib"/>
    <property name="maven.conf" value="/opt/maven/conf"/>
    <property name="java.specification.name" value="Java Platform API Specification"/>
    <property name="java.class.version" value="52.0"/>
    <property name="sun.management.compiler" value="HotSpot 64-Bit Tiered Compilers"/>
    <property name="os.version" value="3.16.0-5-amd64"/>
    <property name="library.jansi.path" value="/opt/maven/lib/jansi-native"/>
    <property name="user.home" value="/home/excilys"/>
    <property name="user.timezone" value="Europe/Paris"/>
    <property name="java.awt.printerjob" value="sun.print.PSPrinterJob"/>
    <property name="java.specification.version" value="1.8"/>
    <property name="file.encoding" value="UTF-8"/>
    <property name="user.name" value="excilys"/>
    <property name="java.class.path" value="/opt/maven/boot/plexus-classworlds-2.5.2.jar"/>
    <property name="java.vm.specification.version" value="1.8"/>
    <property name="sun.arch.data.model" value="64"/>
    <property name="java.home" value="/usr/lib/jvm/java-8-oracle/jre"/>
    <property name="sun.java.command" value="org.codehaus.plexus.classworlds.launcher.Launcher clean install"/>
    <property name="java.specification.vendor" value="Oracle Corporation"/>
    <property name="user.language" value="fr"/>
    <property name="awt.toolkit" value="sun.awt.X11.XToolkit"/>
    <property name="java.vm.info" value="mixed mode"/>
    <property name="java.version" value="1.8.0_161"/>
    <property name="java.ext.dirs" value="/usr/lib/jvm/java-8-oracle/jre/lib/ext:/usr/java/packages/lib/ext"/>
    <property name="securerandom.source" value="file:/dev/./urandom"/>
    <property name="sun.boot.class.path" value="/usr/lib/jvm/java-8-oracle/jre/lib/resources.jar:/usr/lib/jvm/java-8-oracle/jre/lib/rt.jar:/usr/lib/jvm/java-8-oracle/jre/lib/sunrsasign.jar:/usr/lib/jvm/java-8-oracle/jre/lib/jsse.jar:/usr/lib/jvm/java-8-oracle/jre/lib/jce.jar:/usr/lib/jvm/java-8-oracle/jre/lib/charsets.jar:/usr/lib/jvm/java-8-oracle/jre/lib/jfr.jar:/usr/lib/jvm/java-8-oracle/jre/classes"/>
    <property name="java.vendor" value="Oracle Corporation"/>
    <property name="maven.home" value="/opt/maven"/>
    <property name="file.separator" value="/"/>
    <property name="java.vendor.url.bug" value="http://bugreport.sun.com/bugreport/"/>
    <property name="sun.cpu.endian" value="little"/>
    <property name="sun.io.unicode.encoding" value="UnicodeLittle"/>
    <property name="sun.desktop" value="gnome"/>
    <property name="sun.cpu.isalist" value=""/>
  </properties>
  <testcase classname="com.excilys.db.test.ComputerValidatorTest" name="testExist on testExist(com.excilys.db.test.ComputerValidatorTest)" time="0.272"/>
  <testcase classname="com.excilys.db.test.ComputerTest" name="testEqualsFalseCompanyId on testEqualsFalseCompanyId(com.excilys.db.test.ComputerTest)" time="0.001"/>
  <testcase classname="com.excilys.db.test.ComputerTest" name="testEqualsFalseName on testEqualsFalseName(com.excilys.db.test.ComputerTest)" time="0"/>
  <testcase classname="com.excilys.db.test.ComputerTest" name="testToString on testToString(com.excilys.db.test.ComputerTest)" time="0"/>
  <testcase classname="com.excilys.db.test.ComputerTest" name="testEqualsFalseIntroduced on testEqualsFalseIntroduced(com.excilys.db.test.ComputerTest)" time="0.001"/>
  <testcase classname="com.excilys.db.test.ComputerTest" name="testEqualsSame on testEqualsSame(com.excilys.db.test.ComputerTest)" time="0"/>
  <testcase classname="com.excilys.db.test.ComputerTest" name="testEqualsTrue on testEqualsTrue(com.excilys.db.test.ComputerTest)" time="0.001"/>
  <testcase classname="com.excilys.db.test.ComputerTest" name="testEqualsFalseDiscontinued on testEqualsFalseDiscontinued(com.excilys.db.test.ComputerTest)" time="0"/>
  <testcase classname="com.excilys.db.test.ComputerTest" name="testEqualsFalseClass on testEqualsFalseClass(com.excilys.db.test.ComputerTest)" time="0.001"/>
  <testcase classname="com.excilys.db.AppTest" name="testApp on testApp(com.excilys.db.AppTest)" time="0.001"/>
  <testcase classname="com.excilys.db.test.CompaniesTest" name="testEqualsFalseName on testEqualsFalseName(com.excilys.db.test.CompaniesTest)" time="0.001"/>
  <testcase classname="com.excilys.db.test.CompaniesTest" name="testToString on testToString(com.excilys.db.test.CompaniesTest)" time="0"/>
  <testcase classname="com.excilys.db.test.CompaniesTest" name="testEqualsSame on testEqualsSame(com.excilys.db.test.CompaniesTest)" time="0.001"/>
  <testcase classname="com.excilys.db.test.CompaniesTest" name="testEqualsTrue on testEqualsTrue(com.excilys.db.test.CompaniesTest)" time="0"/>
  <testcase classname="com.excilys.db.test.CompaniesTest" name="testEqualsFalseClass on testEqualsFalseClass(com.excilys.db.test.CompaniesTest)" time="0"/>
  <testcase classname="com.excilys.db.test.ComputerDAOTest" name="testCreateAComputerDateNotNull on testCreateAComputerDateNotNull(com.excilys.db.test.ComputerDAOTest)" time="0.018"/>
  <testcase classname="com.excilys.db.test.ComputerDAOTest" name="testUpdateAComputerDateIntroNull on testUpdateAComputerDateIntroNull(com.excilys.db.test.ComputerDAOTest)" time="0.033"/>
  <testcase classname="com.excilys.db.test.ComputerDAOTest" name="testUpdateAComputerDateNotNull on testUpdateAComputerDateNotNull(com.excilys.db.test.ComputerDAOTest)" time="0.031"/>
  <testcase classname="com.excilys.db.test.ComputerDAOTest" name="testCreateAComputerDatesNull on testCreateAComputerDatesNull(com.excilys.db.test.ComputerDAOTest)" time="0.016"/>
  <testcase classname="com.excilys.db.test.ComputerDAOTest" name="testCreateAComputerDatesNullCompanieNull on testCreateAComputerDatesNullCompanieNull(com.excilys.db.test.ComputerDAOTest)" time="0.017"/>
  <testcase classname="com.excilys.db.test.ComputerDAOTest" name="testUpdateAComputerDateDiscNull on testUpdateAComputerDateDiscNull(com.excilys.db.test.ComputerDAOTest)" time="0.027"/>
  <testcase classname="com.excilys.db.test.ComputerDAOTest" name="testUpdateAComputerDatesNullCompanieNull on testUpdateAComputerDatesNullCompanieNull(com.excilys.db.test.ComputerDAOTest)" time="0.028"/>
  <testcase classname="com.excilys.db.test.ComputerDAOTest" name="testCreateAComputerDateIntroNull on testCreateAComputerDateIntroNull(com.excilys.db.test.ComputerDAOTest)" time="0.017"/>
  <testcase classname="com.excilys.db.test.ComputerDAOTest" name="testGetIdFromName on testGetIdFromName(com.excilys.db.test.ComputerDAOTest)" time="0.004"/>
  <testcase classname="com.excilys.db.test.ComputerDAOTest" name="testDelete on testDelete(com.excilys.db.test.ComputerDAOTest)" time="0.019"/>
  <testcase classname="com.excilys.db.test.ComputerDAOTest" name="testShowDetails on testShowDetails(com.excilys.db.test.ComputerDAOTest)" time="0.006"/>
  <testcase classname="com.excilys.db.test.ComputerDAOTest" name="testUpdateAComputerDatesNull on testUpdateAComputerDatesNull(com.excilys.db.test.ComputerDAOTest)" time="0.029"/>
  <testcase classname="com.excilys.db.test.ComputerDAOTest" name="testListComputer on testListComputer(com.excilys.db.test.ComputerDAOTest)" time="0.05"/>
  <testcase classname="com.excilys.db.test.ComputerDAOTest" name="testGetIdComputer on testGetIdComputer(com.excilys.db.test.ComputerDAOTest)" time="0.005"/>
  <testcase classname="com.excilys.db.test.ComputerDAOTest" name="testCreateAComputerDateDiscNull on testCreateAComputerDateDiscNull(com.excilys.db.test.ComputerDAOTest)" time="0.017"/>
  <testcase classname="com.excilys.db.test.ComputerMapperTest" name="testMapper on testMapper(com.excilys.db.test.ComputerMapperTest)" time="0"/>
  <testcase classname="com.excilys.db.test.ComputerServiceTest" name="testCreateAComputer on testCreateAComputer(com.excilys.db.test.ComputerServiceTest)" time="0.001"/>
  <testcase classname="com.excilys.db.test.CompaniesDAOTest" name="testListCompanies on testListCompanies(com.excilys.db.test.CompaniesDAOTest)" time="0.003"/>
  <testcase classname="com.excilys.db.test.ConnectionTest" name="testMockDBConnection on testMockDBConnection(com.excilys.db.test.ConnectionTest)" time="0.09"/>
  <testcase classname="com.excilys.db.test.CompaniesServiceTest" name="testGetCompanies on testGetCompanies(com.excilys.db.test.CompaniesServiceTest)" time="0"/>
</testsuite>